<?xml version="1.0" encoding="UTF-8"?>
<testng-results skipped="0" failed="0" total="1" passed="1">
  <reporter-output>
  </reporter-output>
  <suite name="Default suite" duration-ms="18281" started-at="2018-01-21T09:49:39Z" finished-at="2018-01-21T09:49:57Z">
    <groups>
    </groups>
    <test name="Default test" duration-ms="18281" started-at="2018-01-21T09:49:39Z" finished-at="2018-01-21T09:49:57Z">
      <class name="com.demo.git.DemoPrj">
        <test-method status="PASS" signature="beforeTest()[pri:0, instance:com.demo.git.DemoPrj@6333e208]" name="beforeTest" is-config="true" duration-ms="11937" started-at="2018-01-21T15:19:39Z" finished-at="2018-01-21T15:19:51Z">
          <reporter-output>
          </reporter-output>
        </test-method> <!-- beforeTest -->
        <test-method status="PASS" signature="f()[pri:0, instance:com.demo.git.DemoPrj@6333e208]" name="f" duration-ms="4855" started-at="2018-01-21T15:19:51Z" finished-at="2018-01-21T15:19:56Z">
          <reporter-output>
          </reporter-output>
        </test-method> <!-- f -->
        <test-method status="PASS" signature="afterTest()[pri:0, instance:com.demo.git.DemoPrj@6333e208]" name="afterTest" is-config="true" duration-ms="1409" started-at="2018-01-21T15:19:56Z" finished-at="2018-01-21T15:19:57Z">
          <reporter-output>
          </reporter-output>
        </test-method> <!-- afterTest -->
      </class> <!-- com.demo.git.DemoPrj -->
    </test> <!-- Default test -->
  </suite> <!-- Default suite -->
</testng-results>
